<?xml version="1.0" encoding="UTF-8"?>
<!-- Generated by org.testng.reporters.JUnitReportReporter -->
<testsuite hostname="Manjiri" failures="0" tests="1" name="Veriousconcept.addCustom" time="17.703" errors="0" timestamp="12 Dec 2023 18:49:51 GMT">
  <testcase classname="Veriousconcept.addCustom" name="validateZipCodeField" time="17.703"/>
</testsuite> <!-- Veriousconcept.addCustom -->
